<?xml version="1.0" encoding="UTF-8"?>
<testng-results skipped="0" failed="0" total="1" passed="1">
  <reporter-output>
  </reporter-output>
  <suite name="Suite" duration-ms="28" started-at="2018-10-24T09:51:19Z" finished-at="2018-10-24T09:51:19Z">
    <groups>
      <group name="all">
        <method signature="Test2.shouldAnswerWithTrue()[pri:0, instance:com.hfbank.testng.Test2@2aaf7cc2]" name="shouldAnswerWithTrue" class="com.hfbank.testng.Test2"/>
      </group> <!-- all -->
      <group name="Test2">
        <method signature="Test2.shouldAnswerWithTrue()[pri:0, instance:com.hfbank.testng.Test2@2aaf7cc2]" name="shouldAnswerWithTrue" class="com.hfbank.testng.Test2"/>
      </group> <!-- Test2 -->
    </groups>
    <test name="Test2" duration-ms="28" started-at="2018-10-24T09:51:19Z" finished-at="2018-10-24T09:51:19Z">
      <class name="com.hfbank.testng.Test2">
        <test-method status="PASS" signature="shouldAnswerWithTrue()[pri:0, instance:com.hfbank.testng.Test2@2aaf7cc2]" name="shouldAnswerWithTrue" duration-ms="7" started-at="2018-10-24T17:51:19Z" finished-at="2018-10-24T17:51:19Z">
          <reporter-output>
          </reporter-output>
        </test-method> <!-- shouldAnswerWithTrue -->
      </class> <!-- com.hfbank.testng.Test2 -->
    </test> <!-- Test2 -->
  </suite> <!-- Suite -->
</testng-results>
