<?xml version="1.0" encoding="UTF-8"?>
<!-- Generated by org.testng.reporters.JUnitXMLReporter -->
<testsuite hostname="DESKTOP-E6USKPL" name="恒丰银行系统启动状态监测测试" tests="24" failures="6" timestamp="12 Dec 2018 09:34:12 GMT" time="0.286" errors="0">
  <testcase name="test01" time="0.032" classname="com.test.test"/>
  <testcase name="test01" time="0.001" classname="com.test.test"/>
  <testcase name="test01" time="0.003" classname="com.test.test"/>
  <testcase name="test02" time="0.009" classname="com.test.test"/>
  <testcase name="test02" time="0.004" classname="com.test.test"/>
  <testcase name="test02" time="0.006" classname="com.test.test"/>
  <testcase name="test03" time="0.003" classname="com.test.test"/>
  <testcase name="test03" time="0.002" classname="com.test.test"/>
  <testcase name="test03" time="0.002" classname="com.test.test"/>
  <testcase name="test04" time="0.003" classname="com.test.test">
    <failure type="java.lang.AssertionError" message="expected [true] but found [false]">
      <![CDATA[java.lang.AssertionError: expected [true] but found [false]
	at com.test.test.test04(test.java:37)
... Removed 28 stack frames]]>
    </failure>
  </testcase> <!-- test04 -->
  <testcase name="test04" time="0.002" classname="com.test.test">
    <failure type="java.lang.AssertionError" message="expected [true] but found [false]">
      <![CDATA[java.lang.AssertionError: expected [true] but found [false]
	at com.test.test.test04(test.java:37)
... Removed 28 stack frames]]>
    </failure>
  </testcase> <!-- test04 -->
  <testcase name="test04" time="0.002" classname="com.test.test">
    <failure type="java.lang.AssertionError" message="expected [true] but found [false]">
      <![CDATA[java.lang.AssertionError: expected [true] but found [false]
	at com.test.test.test04(test.java:37)
... Removed 28 stack frames]]>
    </failure>
  </testcase> <!-- test04 -->
  <testcase name="test05" time="0.003" classname="com.test.test"/>
  <testcase name="test05" time="0.002" classname="com.test.test"/>
  <testcase name="test05" time="0.003" classname="com.test.test"/>
  <testcase name="test06" time="0.007" classname="com.test.test">
    <failure type="java.lang.AssertionError" message="expected [true] but found [false]">
      <![CDATA[java.lang.AssertionError: expected [true] but found [false]
	at com.test.test.test06(test.java:45)
... Removed 28 stack frames]]>
    </failure>
  </testcase> <!-- test06 -->
  <testcase name="test06" time="0.002" classname="com.test.test">
    <failure type="java.lang.AssertionError" message="expected [true] but found [false]">
      <![CDATA[java.lang.AssertionError: expected [true] but found [false]
	at com.test.test.test06(test.java:45)
... Removed 28 stack frames]]>
    </failure>
  </testcase> <!-- test06 -->
  <testcase name="test06" time="0.003" classname="com.test.test">
    <failure type="java.lang.AssertionError" message="expected [true] but found [false]">
      <![CDATA[java.lang.AssertionError: expected [true] but found [false]
	at com.test.test.test06(test.java:45)
... Removed 28 stack frames]]>
    </failure>
  </testcase> <!-- test06 -->
  <testcase name="test07" time="0.004" classname="com.test.test"/>
  <testcase name="test07" time="0.003" classname="com.test.test"/>
  <testcase name="test07" time="0.001" classname="com.test.test"/>
  <testcase name="test08" time="0.002" classname="com.test.test"/>
  <testcase name="test08" time="0.007" classname="com.test.test"/>
  <testcase name="test08" time="0.001" classname="com.test.test"/>
</testsuite> <!-- 恒丰银行系统启动状态监测测试 -->
